# JRE version: OpenJDK Runtime Environment (11.0.2+9) (build 11.0.2+9-Ubuntu-3ubuntu118.04.3)
# Java VM: OpenJDK 64-Bit Server VM (11.0.2+9-Ubuntu-3ubuntu118.04.3, mixed mode, sharing, tiered, compressed oops, g1 gc, linux-amd64)
Heap:
 garbage-first heap   total 129024K, used 86046K [0x0000000084800000, 0x0000000100000000)
  region size 1024K, 4 young (4096K), 3 survivors (3072K)
 Metaspace       used 67325K, capacity 68884K, committed 69020K, reserved 1110016K
  class space    used 8785K, capacity 9384K, committed 9416K, reserved 1048576K
GC Heap History (10 events):
Event: 32.988 GC heap before
{Heap before GC invocations=12 (full 0):
 garbage-first heap   total 129024K, used 94604K [0x0000000084800000, 0x0000000100000000)
  region size 1024K, 74 young (75776K), 6 survivors (6144K)
 Metaspace       used 46855K, capacity 47991K, committed 48540K, reserved 1091584K
  class space    used 6121K, capacity 6564K, committed 6600K, reserved 1048576K
}
Event: 33.005 GC heap after
{Heap after GC invocations=13 (full 0):
 garbage-first heap   total 129024K, used 29075K [0x0000000084800000, 0x0000000100000000)
  region size 1024K, 5 young (5120K), 5 survivors (5120K)
 Metaspace       used 46855K, capacity 47991K, committed 48540K, reserved 1091584K
  class space    used 6121K, capacity 6564K, committed 6600K, reserved 1048576K
}
Event: 35.444 GC heap before
{Heap before GC invocations=14 (full 0):
 garbage-first heap   total 129024K, used 98707K [0x0000000084800000, 0x0000000100000000)
  region size 1024K, 73 young (74752K), 5 survivors (5120K)
 Metaspace       used 55798K, capacity 57215K, committed 57628K, reserved 1099776K
  class space    used 7402K, capacity 7923K, committed 8008K, reserved 1048576K
}
Event: 35.469 GC heap after
{Heap after GC invocations=15 (full 0):
 garbage-first heap   total 129024K, used 31850K [0x0000000084800000, 0x0000000100000000)
  region size 1024K, 8 young (8192K), 8 survivors (8192K)
 Metaspace       used 55798K, capacity 57215K, committed 57628K, reserved 1099776K
  class space    used 7402K, capacity 7923K, committed 8008K, reserved 1048576K
}
Event: 91.905 GC heap before
{Heap before GC invocations=15 (full 0):
 garbage-first heap   total 129024K, used 99434K [0x0000000084800000, 0x0000000100000000)
  region size 1024K, 74 young (75776K), 8 survivors (8192K)
 Metaspace       used 61540K, capacity 63056K, committed 63260K, reserved 1103872K
  class space    used 8141K, capacity 8726K, committed 8776K, reserved 1048576K
}
Event: 91.919 GC heap after
{Heap after GC invocations=16 (full 0):
 garbage-first heap   total 129024K, used 34810K [0x0000000084800000, 0x0000000100000000)
  region size 1024K, 7 young (7168K), 7 survivors (7168K)
 Metaspace       used 61540K, capacity 63056K, committed 63260K, reserved 1103872K
  class space    used 8141K, capacity 8726K, committed 8776K, reserved 1048576K
}
Event: 167.627 GC heap before
{Heap before GC invocations=16 (full 0):
 garbage-first heap   total 129024K, used 89082K [0x0000000084800000, 0x0000000100000000)
  region size 1024K, 38 young (38912K), 7 survivors (7168K)
 Metaspace       used 67299K, capacity 68884K, committed 69020K, reserved 1110016K
  class space    used 8784K, capacity 9384K, committed 9416K, reserved 1048576K
}
Event: 167.650 GC heap after
{Heap after GC invocations=17 (full 0):
 garbage-first heap   total 129024K, used 48914K [0x0000000084800000, 0x0000000100000000)
  region size 1024K, 6 young (6144K), 6 survivors (6144K)
 Metaspace       used 67299K, capacity 68884K, committed 69020K, reserved 1110016K
  class space    used 8784K, capacity 9384K, committed 9416K, reserved 1048576K
}
Event: 167.786 GC heap before
{Heap before GC invocations=18 (full 0):
 garbage-first heap   total 129024K, used 61202K [0x0000000084800000, 0x0000000100000000)
  region size 1024K, 7 young (7168K), 6 survivors (6144K)
 Metaspace       used 67310K, capacity 68884K, committed 69020K, reserved 1110016K
  class space    used 8784K, capacity 9384K, committed 9416K, reserved 1048576K
}
Event: 167.814 GC heap after
{Heap after GC invocations=19 (full 0):
 garbage-first heap   total 129024K, used 61470K [0x0000000084800000, 0x0000000100000000)
  region size 1024K, 3 young (3072K), 3 survivors (3072K)
 Metaspace       used 67310K, capacity 68884K, committed 69020K, reserved 1110016K
  class space    used 8784K, capacity 9384K, committed 9416K, reserved 1048576K
}

