# JRE version: OpenJDK Runtime Environment (11.0.2+9) (build 11.0.2+9-Ubuntu-3ubuntu118.04.3)
# Java VM: OpenJDK 64-Bit Server VM (11.0.2+9-Ubuntu-3ubuntu118.04.3, mixed mode, sharing, tiered, compressed oops, g1 gc, linux-amd64)
Heap:
 garbage-first heap   total 155648K, used 88131K [0x0000000084800000, 0x0000000100000000)
  region size 1024K, 9 young (9216K), 6 survivors (6144K)
 Metaspace       used 68144K, capacity 69899K, committed 70220K, reserved 1110016K
  class space    used 8872K, capacity 9546K, committed 9600K, reserved 1048576K
GC Heap History (10 events):
Event: 22.046 GC heap before
{Heap before GC invocations=13 (full 0):
 garbage-first heap   total 155648K, used 109003K [0x0000000084800000, 0x0000000100000000)
  region size 1024K, 84 young (86016K), 2 survivors (2048K)
 Metaspace       used 46512K, capacity 47629K, committed 48256K, reserved 1091584K
  class space    used 5998K, capacity 6454K, committed 6528K, reserved 1048576K
}
Event: 22.064 GC heap after
{Heap after GC invocations=14 (full 0):
 garbage-first heap   total 155648K, used 28014K [0x0000000084800000, 0x0000000100000000)
  region size 1024K, 5 young (5120K), 5 survivors (5120K)
 Metaspace       used 46512K, capacity 47629K, committed 48256K, reserved 1091584K
  class space    used 5998K, capacity 6454K, committed 6528K, reserved 1048576K
}
Event: 25.103 GC heap before
{Heap before GC invocations=14 (full 0):
 garbage-first heap   total 155648K, used 111982K [0x0000000084800000, 0x0000000100000000)
  region size 1024K, 87 young (89088K), 5 survivors (5120K)
 Metaspace       used 56487K, capacity 57882K, committed 58368K, reserved 1099776K
  class space    used 7398K, capacity 7922K, committed 7936K, reserved 1048576K
}
Event: 25.121 GC heap after
{Heap after GC invocations=15 (full 0):
 garbage-first heap   total 155648K, used 31227K [0x0000000084800000, 0x0000000100000000)
  region size 1024K, 8 young (8192K), 8 survivors (8192K)
 Metaspace       used 56487K, capacity 57882K, committed 58368K, reserved 1099776K
  class space    used 7398K, capacity 7922K, committed 7936K, reserved 1048576K
}
Event: 26.177 GC heap before
{Heap before GC invocations=15 (full 0):
 garbage-first heap   total 155648K, used 66043K [0x0000000084800000, 0x0000000100000000)
  region size 1024K, 43 young (44032K), 8 survivors (8192K)
 Metaspace       used 58487K, capacity 59893K, committed 60160K, reserved 1101824K
  class space    used 7646K, capacity 8183K, committed 8192K, reserved 1048576K
}
Event: 26.197 GC heap after
{Heap after GC invocations=16 (full 0):
 garbage-first heap   total 155648K, used 33882K [0x0000000084800000, 0x0000000100000000)
  region size 1024K, 6 young (6144K), 6 survivors (6144K)
 Metaspace       used 58487K, capacity 59893K, committed 60160K, reserved 1101824K
  class space    used 7646K, capacity 8183K, committed 8192K, reserved 1048576K
}
Event: 64.183 GC heap before
{Heap before GC invocations=17 (full 0):
 garbage-first heap   total 155648K, used 104538K [0x0000000084800000, 0x0000000100000000)
  region size 1024K, 75 young (76800K), 6 survivors (6144K)
 Metaspace       used 64538K, capacity 66066K, committed 66380K, reserved 1105920K
  class space    used 8452K, capacity 9009K, committed 9088K, reserved 1048576K
}
Event: 64.243 GC heap after
{Heap after GC invocations=18 (full 0):
 garbage-first heap   total 155648K, used 35445K [0x0000000084800000, 0x0000000100000000)
  region size 1024K, 5 young (5120K), 5 survivors (5120K)
 Metaspace       used 64538K, capacity 66066K, committed 66380K, reserved 1105920K
  class space    used 8452K, capacity 9009K, committed 9088K, reserved 1048576K
}
Event: 112.247 GC heap before
{Heap before GC invocations=18 (full 0):
 garbage-first heap   total 155648K, used 97909K [0x0000000084800000, 0x0000000100000000)
  region size 1024K, 32 young (32768K), 5 survivors (5120K)
 Metaspace       used 68130K, capacity 69902K, committed 70220K, reserved 1110016K
  class space    used 8871K, capacity 9547K, committed 9600K, reserved 1048576K
}
Event: 112.262 GC heap after
{Heap after GC invocations=19 (full 0):
 garbage-first heap   total 155648K, used 61507K [0x0000000084800000, 0x0000000100000000)
  region size 1024K, 6 young (6144K), 6 survivors (6144K)
 Metaspace       used 68130K, capacity 69902K, committed 70220K, reserved 1110016K
  class space    used 8871K, capacity 9547K, committed 9600K, reserved 1048576K
}

