# JRE version: OpenJDK Runtime Environment (11.0.2+9) (build 11.0.2+9-Ubuntu-3ubuntu118.04.3)
# Java VM: OpenJDK 64-Bit Server VM (11.0.2+9-Ubuntu-3ubuntu118.04.3, mixed mode, sharing, tiered, compressed oops, g1 gc, linux-amd64)
Heap:
 garbage-first heap   total 187392K, used 84809K [0x0000000084800000, 0x0000000100000000)
  region size 1024K, 9 young (9216K), 8 survivors (8192K)
 Metaspace       used 66431K, capacity 67970K, committed 68428K, reserved 1107968K
  class space    used 8612K, capacity 9224K, committed 9344K, reserved 1048576K
GC Heap History (10 events):
Event: 11.324 GC heap before
{Heap before GC invocations=10 (full 0):
 garbage-first heap   total 155648K, used 99446K [0x0000000084800000, 0x0000000100000000)
  region size 1024K, 89 young (91136K), 8 survivors (8192K)
 Metaspace       used 31893K, capacity 32943K, committed 33152K, reserved 1077248K
  class space    used 4022K, capacity 4423K, committed 4480K, reserved 1048576K
}
Event: 11.348 GC heap after
{Heap after GC invocations=11 (full 0):
 garbage-first heap   total 155648K, used 23693K [0x0000000084800000, 0x0000000100000000)
  region size 1024K, 11 young (11264K), 11 survivors (11264K)
 Metaspace       used 31893K, capacity 32943K, committed 33152K, reserved 1077248K
  class space    used 4022K, capacity 4423K, committed 4480K, reserved 1048576K
}
Event: 12.039 GC heap before
{Heap before GC invocations=11 (full 0):
 garbage-first heap   total 155648K, used 95373K [0x0000000084800000, 0x0000000100000000)
  region size 1024K, 83 young (84992K), 11 survivors (11264K)
 Metaspace       used 34497K, capacity 35532K, committed 35840K, reserved 1081344K
  class space    used 4302K, capacity 4750K, committed 4864K, reserved 1048576K
}
Event: 12.087 GC heap after
{Heap after GC invocations=12 (full 0):
 garbage-first heap   total 187392K, used 25315K [0x0000000084800000, 0x0000000100000000)
  region size 1024K, 8 young (8192K), 8 survivors (8192K)
 Metaspace       used 34497K, capacity 35532K, committed 35840K, reserved 1081344K
  class space    used 4302K, capacity 4750K, committed 4864K, reserved 1048576K
}
Event: 15.151 GC heap before
{Heap before GC invocations=13 (full 0):
 garbage-first heap   total 187392K, used 127715K [0x0000000084800000, 0x0000000100000000)
  region size 1024K, 109 young (111616K), 8 survivors (8192K)
 Metaspace       used 48571K, capacity 49695K, committed 50432K, reserved 1093632K
  class space    used 6375K, capacity 6822K, committed 6912K, reserved 1048576K
}
Event: 15.187 GC heap after
{Heap after GC invocations=14 (full 0):
 garbage-first heap   total 187392K, used 28953K [0x0000000084800000, 0x0000000100000000)
  region size 1024K, 6 young (6144K), 6 survivors (6144K)
 Metaspace       used 48571K, capacity 49695K, committed 50432K, reserved 1093632K
  class space    used 6375K, capacity 6822K, committed 6912K, reserved 1048576K
}
Event: 18.314 GC heap before
{Heap before GC invocations=14 (full 0):
 garbage-first heap   total 187392K, used 132377K [0x0000000084800000, 0x0000000100000000)
  region size 1024K, 108 young (110592K), 6 survivors (6144K)
 Metaspace       used 58430K, capacity 59829K, committed 60160K, reserved 1101824K
  class space    used 7646K, capacity 8183K, committed 8192K, reserved 1048576K
}
Event: 18.339 GC heap after
{Heap after GC invocations=15 (full 0):
 garbage-first heap   total 187392K, used 33366K [0x0000000084800000, 0x0000000100000000)
  region size 1024K, 10 young (10240K), 10 survivors (10240K)
 Metaspace       used 58430K, capacity 59829K, committed 60160K, reserved 1101824K
  class space    used 7646K, capacity 8183K, committed 8192K, reserved 1048576K
}
Event: 111.886 GC heap before
{Heap before GC invocations=16 (full 0):
 garbage-first heap   total 187392K, used 162390K [0x0000000084800000, 0x0000000100000000)
  region size 1024K, 90 young (92160K), 10 survivors (10240K)
 Metaspace       used 66409K, capacity 67970K, committed 68428K, reserved 1107968K
  class space    used 8611K, capacity 9224K, committed 9344K, reserved 1048576K
}
Event: 111.907 GC heap after
{Heap after GC invocations=17 (full 0):
 garbage-first heap   total 187392K, used 72521K [0x0000000084800000, 0x0000000100000000)
  region size 1024K, 8 young (8192K), 8 survivors (8192K)
 Metaspace       used 66409K, capacity 67970K, committed 68428K, reserved 1107968K
  class space    used 8611K, capacity 9224K, committed 9344K, reserved 1048576K
}

