# JRE version: OpenJDK Runtime Environment (11.0.2+9) (build 11.0.2+9-Ubuntu-3ubuntu118.04.3)
# Java VM: OpenJDK 64-Bit Server VM (11.0.2+9-Ubuntu-3ubuntu118.04.3, mixed mode, sharing, tiered, compressed oops, g1 gc, linux-amd64)
Heap:
 garbage-first heap   total 187392K, used 85693K [0x0000000084800000, 0x0000000100000000)
  region size 1024K, 9 young (9216K), 7 survivors (7168K)
 Metaspace       used 65492K, capacity 67064K, committed 67404K, reserved 1107968K
  class space    used 8586K, capacity 9191K, committed 9292K, reserved 1048576K
GC Heap History (10 events):
Event: 9.554 GC heap before
{Heap before GC invocations=9 (full 0):
 garbage-first heap   total 155648K, used 100741K [0x0000000084800000, 0x0000000100000000)
  region size 1024K, 91 young (93184K), 10 survivors (10240K)
 Metaspace       used 32658K, capacity 33760K, committed 34048K, reserved 1079296K
  class space    used 4123K, capacity 4530K, committed 4608K, reserved 1048576K
}
Event: 9.586 GC heap after
{Heap after GC invocations=10 (full 0):
 garbage-first heap   total 155648K, used 24211K [0x0000000084800000, 0x0000000100000000)
  region size 1024K, 12 young (12288K), 12 survivors (12288K)
 Metaspace       used 32658K, capacity 33760K, committed 34048K, reserved 1079296K
  class space    used 4123K, capacity 4530K, committed 4608K, reserved 1048576K
}
Event: 10.057 GC heap before
{Heap before GC invocations=10 (full 0):
 garbage-first heap   total 155648K, used 63123K [0x0000000084800000, 0x0000000100000000)
  region size 1024K, 52 young (53248K), 12 survivors (12288K)
 Metaspace       used 34557K, capacity 35643K, committed 35840K, reserved 1081344K
  class space    used 4346K, capacity 4816K, committed 4864K, reserved 1048576K
}
Event: 10.077 GC heap after
{Heap after GC invocations=11 (full 0):
 garbage-first heap   total 187392K, used 25577K [0x0000000084800000, 0x0000000100000000)
  region size 1024K, 7 young (7168K), 7 survivors (7168K)
 Metaspace       used 34557K, capacity 35643K, committed 35840K, reserved 1081344K
  class space    used 4346K, capacity 4816K, committed 4864K, reserved 1048576K
}
Event: 13.111 GC heap before
{Heap before GC invocations=12 (full 0):
 garbage-first heap   total 187392K, used 130025K [0x0000000084800000, 0x0000000100000000)
  region size 1024K, 109 young (111616K), 7 survivors (7168K)
 Metaspace       used 51580K, capacity 52846K, committed 53504K, reserved 1095680K
  class space    used 6847K, capacity 7320K, committed 7424K, reserved 1048576K
}
Event: 13.127 GC heap after
{Heap after GC invocations=13 (full 0):
 garbage-first heap   total 187392K, used 29333K [0x0000000084800000, 0x0000000100000000)
  region size 1024K, 11 young (11264K), 11 survivors (11264K)
 Metaspace       used 51580K, capacity 52846K, committed 53504K, reserved 1095680K
  class space    used 6847K, capacity 7320K, committed 7424K, reserved 1048576K
}
Event: 15.223 GC heap before
{Heap before GC invocations=13 (full 0):
 garbage-first heap   total 187392K, used 103061K [0x0000000084800000, 0x0000000100000000)
  region size 1024K, 84 young (86016K), 11 survivors (11264K)
 Metaspace       used 58545K, capacity 59997K, committed 60160K, reserved 1101824K
  class space    used 7750K, capacity 8311K, committed 8320K, reserved 1048576K
}
Event: 15.262 GC heap after
{Heap after GC invocations=14 (full 0):
 garbage-first heap   total 187392K, used 34385K [0x0000000084800000, 0x0000000100000000)
  region size 1024K, 11 young (11264K), 11 survivors (11264K)
 Metaspace       used 58545K, capacity 59997K, committed 60160K, reserved 1101824K
  class space    used 7750K, capacity 8311K, committed 8320K, reserved 1048576K
}
Event: 40.390 GC heap before
{Heap before GC invocations=15 (full 0):
 garbage-first heap   total 187392K, used 135761K [0x0000000084800000, 0x0000000100000000)
  region size 1024K, 64 young (65536K), 11 survivors (11264K)
 Metaspace       used 65469K, capacity 67064K, committed 67404K, reserved 1107968K
  class space    used 8585K, capacity 9191K, committed 9292K, reserved 1048576K
}
Event: 40.409 GC heap after
{Heap after GC invocations=16 (full 0):
 garbage-first heap   total 187392K, used 72381K [0x0000000084800000, 0x0000000100000000)
  region size 1024K, 7 young (7168K), 7 survivors (7168K)
 Metaspace       used 65469K, capacity 67064K, committed 67404K, reserved 1107968K
  class space    used 8585K, capacity 9191K, committed 9292K, reserved 1048576K
}

